app/build/intermediates/manifest_merge_blame_file/release/processReleaseMainManifest/manifest-merger-blame-release-report.txt
1<?xml version="1.0" encoding="utf-8"?>
2<manifest xmlns:android="http://schemas.android.com/apk/res/android"
3    package="com.fileexplorer.app"
4    android:versionCode="1"
5    android:versionName="1.0" >
6
7    <uses-sdk
8        android:minSdkVersion="24"
9        android:targetSdkVersion="34" />
10
11    <uses-permission android:name="android.permission.READ_EXTERNAL_STORAGE" />
11-->src/main/AndroidManifest.xml:6:5-80
11-->src/main/AndroidManifest.xml:6:22-77
12    <uses-permission android:name="android.permission.WRITE_EXTERNAL_STORAGE" />
12-->src/main/AndroidManifest.xml:7:5-81
12-->src/main/AndroidManifest.xml:7:22-78
13    <uses-permission android:name="android.permission.MANAGE_EXTERNAL_STORAGE" />
13-->src/main/AndroidManifest.xml:8:5-10:40
13-->src/main/AndroidManifest.xml:9:9-66
14    <uses-permission android:name="android.permission.REQUEST_INSTALL_PACKAGES" />
14-->src/main/AndroidManifest.xml:11:5-83
14-->src/main/AndroidManifest.xml:11:22-80
15    <uses-permission android:name="android.permission.GET_PACKAGE_SIZE" />
15-->[logger-runtime.aar] AndroidManifest.xml:7:5-75
15-->[logger-runtime.aar] AndroidManifest.xml:7:22-72
16    <uses-permission android:name="android.permission.QUERY_ALL_PACKAGES" />
16-->[logger-runtime.aar] AndroidManifest.xml:8:5-77
16-->[logger-runtime.aar] AndroidManifest.xml:8:22-74
17
18    <queries>
18-->[logger-runtime.aar] AndroidManifest.xml:10:5-12:15
19        <package android:name="io.github.mohammedbaqernull.logger" />
19-->[logger-runtime.aar] AndroidManifest.xml:11:9-70
19-->[logger-runtime.aar] AndroidManifest.xml:11:18-67
20    </queries>
21
22    <uses-permission android:name="android.permission.ACCESS_NETWORK_STATE" />
22-->[androidx.media3:media3-common:1.10.1] AndroidManifest.xml:22:5-79
22-->[androidx.media3:media3-common:1.10.1] AndroidManifest.xml:22:22-76
23    <uses-permission android:name="android.permission.WAKE_LOCK" />
23-->[androidx.media3:media3-exoplayer:1.10.1] AndroidManifest.xml:23:5-68
23-->[androidx.media3:media3-exoplayer:1.10.1] AndroidManifest.xml:23:22-65
24
25    <permission
25-->[androidx.core:core:1.17.0] AndroidManifest.xml:22:5-24:47
26        android:name="com.fileexplorer.app.DYNAMIC_RECEIVER_NOT_EXPORTED_PERMISSION"
26-->[androidx.core:core:1.17.0] AndroidManifest.xml:23:9-81
27        android:protectionLevel="signature" />
27-->[androidx.core:core:1.17.0] AndroidManifest.xml:24:9-44
28
29    <uses-permission android:name="com.fileexplorer.app.DYNAMIC_RECEIVER_NOT_EXPORTED_PERMISSION" />
29-->[androidx.core:core:1.17.0] AndroidManifest.xml:26:5-97
29-->[androidx.core:core:1.17.0] AndroidManifest.xml:26:22-94
30
31    <application
31-->src/main/AndroidManifest.xml:13:5-60:19
32        android:allowBackup="true"
32-->src/main/AndroidManifest.xml:14:9-35
33        android:appComponentFactory="androidx.core.app.CoreComponentFactory"
33-->[androidx.core:core:1.17.0] AndroidManifest.xml:28:18-86
34        android:enableOnBackInvokedCallback="true"
34-->src/main/AndroidManifest.xml:18:9-51
35        android:extractNativeLibs="false"
36        android:icon="@mipmap/ic_launcher"
36-->src/main/AndroidManifest.xml:15:9-43
37        android:label="@string/app_name"
37-->src/main/AndroidManifest.xml:16:9-41
38        android:largeHeap="true"
38-->src/main/AndroidManifest.xml:23:9-33
39        android:requestLegacyExternalStorage="true"
39-->src/main/AndroidManifest.xml:21:9-52
40        android:roundIcon="@mipmap/ic_launcher"
40-->src/main/AndroidManifest.xml:17:9-48
41        android:supportsRtl="true"
41-->src/main/AndroidManifest.xml:19:9-35
42        android:theme="@style/AppTheme"
42-->src/main/AndroidManifest.xml:20:9-40
43        android:usesCleartextTraffic="true" >
43-->src/main/AndroidManifest.xml:22:9-44
44        <activity
44-->src/main/AndroidManifest.xml:26:9-36:20
45            android:name="com.fileexplorer.app.MainActivity"
45-->src/main/AndroidManifest.xml:27:13-41
46            android:configChanges="uiMode|screenSize|smallestScreenSize|screenLayout|orientation|keyboardHidden"
46-->src/main/AndroidManifest.xml:29:13-113
47            android:exported="true"
47-->src/main/AndroidManifest.xml:28:13-36
48            android:screenOrientation="portrait"
48-->src/main/AndroidManifest.xml:30:13-49
49            android:windowSoftInputMode="adjustResize" >
49-->src/main/AndroidManifest.xml:31:13-55
50            <intent-filter>
50-->src/main/AndroidManifest.xml:32:13-35:29
51                <action android:name="android.intent.action.MAIN" />
51-->src/main/AndroidManifest.xml:33:17-69
51-->src/main/AndroidManifest.xml:33:25-66
52
53                <category android:name="android.intent.category.LAUNCHER" />
53-->src/main/AndroidManifest.xml:34:17-77
53-->src/main/AndroidManifest.xml:34:27-74
54            </intent-filter>
55        </activity>
56        <activity
56-->src/main/AndroidManifest.xml:38:9-42:52
57            android:name="com.fileexplorer.app.SettingsActivity"
57-->src/main/AndroidManifest.xml:39:13-45
58            android:configChanges="uiMode|screenSize|smallestScreenSize|screenLayout|orientation|keyboardHidden"
58-->src/main/AndroidManifest.xml:41:13-113
59            android:exported="false"
59-->src/main/AndroidManifest.xml:40:13-37
60            android:screenOrientation="portrait" />
60-->src/main/AndroidManifest.xml:42:13-49
61        <activity
61-->src/main/AndroidManifest.xml:44:9-48:52
62            android:name="com.fileexplorer.app.StorageAnalyzerActivity"
62-->src/main/AndroidManifest.xml:45:13-52
63            android:configChanges="uiMode|screenSize|smallestScreenSize|screenLayout|orientation|keyboardHidden"
63-->src/main/AndroidManifest.xml:47:13-113
64            android:exported="false"
64-->src/main/AndroidManifest.xml:46:13-37
65            android:screenOrientation="portrait" />
65-->src/main/AndroidManifest.xml:48:13-49
66
67        <provider
68            android:name="androidx.core.content.FileProvider"
68-->src/main/AndroidManifest.xml:51:13-62
69            android:authorities="com.fileexplorer.app.fileprovider"
69-->src/main/AndroidManifest.xml:52:13-64
70            android:exported="false"
70-->src/main/AndroidManifest.xml:53:13-37
71            android:grantUriPermissions="true" >
71-->src/main/AndroidManifest.xml:54:13-47
72            <meta-data
72-->src/main/AndroidManifest.xml:55:13-57:54
73                android:name="android.support.FILE_PROVIDER_PATHS"
73-->src/main/AndroidManifest.xml:56:17-67
74                android:resource="@xml/file_paths" />
74-->src/main/AndroidManifest.xml:57:17-51
75        </provider>
76        <provider
76-->[logger-runtime.aar] AndroidManifest.xml:15:9-18:39
77            android:name="io.github.mohammedbaqernull.logger.logwire.LogWireInitializer"
77-->[logger-runtime.aar] AndroidManifest.xml:16:13-89
78            android:authorities="com.fileexplorer.app.logwire.initializer"
78-->[logger-runtime.aar] AndroidManifest.xml:17:13-71
79            android:exported="true" />
79-->[logger-runtime.aar] AndroidManifest.xml:18:13-36
80        <provider
80-->[androidx.emoji2:emoji2:1.3.0] AndroidManifest.xml:24:9-32:20
81            android:name="androidx.startup.InitializationProvider"
81-->[androidx.emoji2:emoji2:1.3.0] AndroidManifest.xml:25:13-67
82            android:authorities="com.fileexplorer.app.androidx-startup"
82-->[androidx.emoji2:emoji2:1.3.0] AndroidManifest.xml:26:13-68
83            android:exported="false" >
83-->[androidx.emoji2:emoji2:1.3.0] AndroidManifest.xml:27:13-37
84            <meta-data
84-->[androidx.emoji2:emoji2:1.3.0] AndroidManifest.xml:29:13-31:52
85                android:name="androidx.emoji2.text.EmojiCompatInitializer"
85-->[androidx.emoji2:emoji2:1.3.0] AndroidManifest.xml:30:17-75
86                android:value="androidx.startup" />
86-->[androidx.emoji2:emoji2:1.3.0] AndroidManifest.xml:31:17-49
87            <meta-data
87-->[androidx.lifecycle:lifecycle-process:2.6.2] AndroidManifest.xml:29:13-31:52
88                android:name="androidx.lifecycle.ProcessLifecycleInitializer"
88-->[androidx.lifecycle:lifecycle-process:2.6.2] AndroidManifest.xml:30:17-78
89                android:value="androidx.startup" />
89-->[androidx.lifecycle:lifecycle-process:2.6.2] AndroidManifest.xml:31:17-49
90            <meta-data
90-->[androidx.profileinstaller:profileinstaller:1.4.0] AndroidManifest.xml:29:13-31:52
91                android:name="androidx.profileinstaller.ProfileInstallerInitializer"
91-->[androidx.profileinstaller:profileinstaller:1.4.0] AndroidManifest.xml:30:17-85
92                android:value="androidx.startup" />
92-->[androidx.profileinstaller:profileinstaller:1.4.0] AndroidManifest.xml:31:17-49
93        </provider>
94
95        <receiver
95-->[androidx.profileinstaller:profileinstaller:1.4.0] AndroidManifest.xml:34:9-52:20
96            android:name="androidx.profileinstaller.ProfileInstallReceiver"
96-->[androidx.profileinstaller:profileinstaller:1.4.0] AndroidManifest.xml:35:13-76
97            android:directBootAware="false"
97-->[androidx.profileinstaller:profileinstaller:1.4.0] AndroidManifest.xml:36:13-44
98            android:enabled="true"
98-->[androidx.profileinstaller:profileinstaller:1.4.0] AndroidManifest.xml:37:13-35
99            android:exported="true"
99-->[androidx.profileinstaller:profileinstaller:1.4.0] AndroidManifest.xml:38:13-36
100            android:permission="android.permission.DUMP" >
100-->[androidx.profileinstaller:profileinstaller:1.4.0] AndroidManifest.xml:39:13-57
101            <intent-filter>
101-->[androidx.profileinstaller:profileinstaller:1.4.0] AndroidManifest.xml:40:13-42:29
102                <action android:name="androidx.profileinstaller.action.INSTALL_PROFILE" />
102-->[androidx.profileinstaller:profileinstaller:1.4.0] AndroidManifest.xml:41:17-91
102-->[androidx.profileinstaller:profileinstaller:1.4.0] AndroidManifest.xml:41:25-88
103            </intent-filter>
104            <intent-filter>
104-->[androidx.profileinstaller:profileinstaller:1.4.0] AndroidManifest.xml:43:13-45:29
105                <action android:name="androidx.profileinstaller.action.SKIP_FILE" />
105-->[androidx.profileinstaller:profileinstaller:1.4.0] AndroidManifest.xml:44:17-85
105-->[androidx.profileinstaller:profileinstaller:1.4.0] AndroidManifest.xml:44:25-82
106            </intent-filter>
107            <intent-filter>
107-->[androidx.profileinstaller:profileinstaller:1.4.0] AndroidManifest.xml:46:13-48:29
108                <action android:name="androidx.profileinstaller.action.SAVE_PROFILE" />
108-->[androidx.profileinstaller:profileinstaller:1.4.0] AndroidManifest.xml:47:17-88
108-->[androidx.profileinstaller:profileinstaller:1.4.0] AndroidManifest.xml:47:25-85
109            </intent-filter>
110            <intent-filter>
110-->[androidx.profileinstaller:profileinstaller:1.4.0] AndroidManifest.xml:49:13-51:29
111                <action android:name="androidx.profileinstaller.action.BENCHMARK_OPERATION" />
111-->[androidx.profileinstaller:profileinstaller:1.4.0] AndroidManifest.xml:50:17-95
111-->[androidx.profileinstaller:profileinstaller:1.4.0] AndroidManifest.xml:50:25-92
112            </intent-filter>
113        </receiver>
114    </application>
115
116</manifest>